loading Hi-C_directory_20_part_1.txt
loading Hi-C_directory_20_part_2.txt
loading Hi-C_directory_20_part_3.txt
loading Hi-C_directory_20_part_4.txt
loading Hi-C_directory_20_part_5.txt
loading Hi-C_directory_20_part_6.txt
loading Hi-C_directory_20_part_7.txt
loading Hi-C_directory_20_part_8.txt
loading Hi-C_directory_20_part_9.txt
loading Hi-C_directory_20_part_10.txt
loading Hi-C_directory_20_part_11.txt
loading Hi-C_directory_20_part_12.txt
loading Hi-C_directory_20_part_13.txt
loading Hi-C_directory_20_part_14.txt
loading Hi-C_directory_20_part_15.txt
loading Hi-C_directory_20_part_16.txt
loading Hi-C_directory_20_part_17.txt
loading Hi-C_directory_20_part_18.txt
loading Hi-C_directory_20_part_19.txt
loading Hi-C_directory_20_part_20.txt
loading Hi-C_directory_20_part_21.txt
loading Hi-C_directory_20_part_22.txt
loading Hi-C_directory_20_part_23.txt
loading Hi-C_directory_20_part_24.txt
loading Hi-C_directory_20_part_25.txt
loading Hi-C_directory_20_part_26.txt
loading Hi-C_directory_20_part_27.txt
loading Hi-C_directory_20_part_28.txt
loading Hi-C_directory_20_part_29.txt
loading Hi-C_directory_20_part_30.txt
loading Hi-C_directory_20_part_31.txt
loading Hi-C_directory_20_part_32.txt
loading Hi-C_directory_21_part_1.txt
loading Hi-C_directory_21_part_2.txt
loading Hi-C_directory_21_part_3.txt
loading Hi-C_directory_21_part_4.txt
loading Hi-C_directory_21_part_5.txt
loading Hi-C_directory_21_part_6.txt
loading Hi-C_directory_21_part_7.txt
loading Hi-C_directory_21_part_8.txt
loading Hi-C_directory_21_part_9.txt
loading Hi-C_directory_21_part_10.txt
loading Hi-C_directory_21_part_11.txt
loading Hi-C_directory_21_part_12.txt
loading Hi-C_directory_21_part_13.txt
loading Hi-C_directory_21_part_14.txt
loading Hi-C_directory_21_part_15.txt
loading Hi-C_directory_21_part_16.txt
loading Hi-C_directory_21_part_17.txt
loading Hi-C_directory_21_part_18.txt
loading Hi-C_directory_21_part_19.txt
loading Hi-C_directory_21_part_20.txt
loading Hi-C_directory_21_part_21.txt
loading Hi-C_directory_21_part_22.txt
loading Hi-C_directory_21_part_23.txt
loading Hi-C_directory_21_part_24.txt
loading Hi-C_directory_21_part_25.txt
Traceback (most recent call last):
  File "/home/white.do/DiPierroLab_Douglas/4_Hi-C/Hi-C_adder.py", line 12, in <module>
    HiC_Matrices.append(numpy.loadtxt("//scratch//white.do//Pairing//directory_"+str(i)+"//part_"+str(j)+"//Hi-C_multi.txt"))
  File "/home/white.do/miniconda3/envs/simulation/lib/python3.8/site-packages/numpy/lib/npyio.py", line 1308, in loadtxt
    arr = _read(fname, dtype=dtype, comment=comment, delimiter=delimiter,
  File "/home/white.do/miniconda3/envs/simulation/lib/python3.8/site-packages/numpy/lib/npyio.py", line 955, in _read
    fh = np.lib._datasource.open(fname, 'rt', encoding=encoding)
  File "/home/white.do/miniconda3/envs/simulation/lib/python3.8/site-packages/numpy/lib/_datasource.py", line 193, in open
    return ds.open(path, mode, encoding=encoding, newline=newline)
  File "/home/white.do/miniconda3/envs/simulation/lib/python3.8/site-packages/numpy/lib/_datasource.py", line 533, in open
    raise FileNotFoundError(f"{path} not found.")
FileNotFoundError: //scratch//white.do//Pairing//directory_21//part_25//Hi-C_multi.txt not found.
